# JRE version: OpenJDK Runtime Environment Temurin-17.0.10+7 (17.0.10+7) (build 17.0.10+7)
# Java VM: OpenJDK 64-Bit Server VM Temurin-17.0.10+7 (17.0.10+7, mixed mode, tiered, compressed oops, compressed class ptrs, parallel gc, windows-amd64)
GC Precious Log:
 CPUs: 12 total, 12 available
 Memory: 8037M
 Large Page Support: Disabled
 NUMA Support: Disabled
 Compressed Oops: Enabled (32-bit)
 Alignments: Space 512K, Generation 512K, Heap 2M
 Heap Min Capacity: 100M
 Heap Initial Capacity: 100M
 Heap Max Capacity: 1G
 Pre-touch: Disabled
 Parallel Workers: 10
Heap:
 PSYoungGen      total 8704K, used 6359K [0x00000000eab00000, 0x00000000eb500000, 0x0000000100000000)
  eden space 8192K, 73% used [0x00000000eab00000,0x00000000eb0d91f8,0x00000000eb300000)
  from space 512K, 72% used [0x00000000eb400000,0x00000000eb45cbf8,0x00000000eb480000)
  to   space 1024K, 0% used [0x00000000eb300000,0x00000000eb300000,0x00000000eb400000)
 ParOldGen       total 86528K, used 64979K [0x00000000c0000000, 0x00000000c5480000, 0x00000000eab00000)
  object space 86528K, 75% used [0x00000000c0000000,0x00000000c3f74ea0,0x00000000c5480000)
 Metaspace       used 73646K, committed 74880K, reserved 1179648K
  class space    used 9206K, committed 9792K, reserved 1048576K
GC Heap History (20 events):
Event: 47.442 GC heap before
{Heap before GC invocations=91 (full 4):
 PSYoungGen      total 8704K, used 8512K [0x00000000eab00000, 0x00000000eb500000, 0x0000000100000000)
  eden space 8192K, 100% used [0x00000000eab00000,0x00000000eb300000,0x00000000eb300000)
  from space 512K, 62% used [0x00000000eb300000,0x00000000eb350000,0x00000000eb380000)
  to   space 1024K, 0% used [0x00000000eb400000,0x00000000eb400000,0x00000000eb500000)
 ParOldGen       total 86528K, used 61748K [0x00000000c0000000, 0x00000000c5480000, 0x00000000eab00000)
  object space 86528K, 71% used [0x00000000c0000000,0x00000000c3c4d110,0x00000000c5480000)
 Metaspace       used 73523K, committed 74816K, reserved 1179648K
  class space    used 9192K, committed 9792K, reserved 1048576K
}
Event: 47.443 GC heap after
{Heap after GC invocations=91 (full 4):
 PSYoungGen      total 8704K, used 352K [0x00000000eab00000, 0x00000000eb480000, 0x0000000100000000)
  eden space 8192K, 0% used [0x00000000eab00000,0x00000000eab00000,0x00000000eb300000)
  from space 512K, 68% used [0x00000000eb400000,0x00000000eb458000,0x00000000eb480000)
  to   space 512K, 0% used [0x00000000eb300000,0x00000000eb300000,0x00000000eb380000)
 ParOldGen       total 86528K, used 61748K [0x00000000c0000000, 0x00000000c5480000, 0x00000000eab00000)
  object space 86528K, 71% used [0x00000000c0000000,0x00000000c3c4d110,0x00000000c5480000)
 Metaspace       used 73523K, committed 74816K, reserved 1179648K
  class space    used 9192K, committed 9792K, reserved 1048576K
}
Event: 47.518 GC heap before
{Heap before GC invocations=92 (full 4):
 PSYoungGen      total 8704K, used 8544K [0x00000000eab00000, 0x00000000eb480000, 0x0000000100000000)
  eden space 8192K, 100% used [0x00000000eab00000,0x00000000eb300000,0x00000000eb300000)
  from space 512K, 68% used [0x00000000eb400000,0x00000000eb458000,0x00000000eb480000)
  to   space 512K, 0% used [0x00000000eb300000,0x00000000eb300000,0x00000000eb380000)
 ParOldGen       total 86528K, used 61748K [0x00000000c0000000, 0x00000000c5480000, 0x00000000eab00000)
  object space 86528K, 71% used [0x00000000c0000000,0x00000000c3c4d110,0x00000000c5480000)
 Metaspace       used 73563K, committed 74816K, reserved 1179648K
  class space    used 9195K, committed 9792K, reserved 1048576K
}
Event: 47.522 GC heap after
{Heap after GC invocations=92 (full 4):
 PSYoungGen      total 8704K, used 506K [0x00000000eab00000, 0x00000000eb600000, 0x0000000100000000)
  eden space 8192K, 0% used [0x00000000eab00000,0x00000000eab00000,0x00000000eb300000)
  from space 512K, 98% used [0x00000000eb300000,0x00000000eb37e970,0x00000000eb380000)
  to   space 1536K, 0% used [0x00000000eb480000,0x00000000eb480000,0x00000000eb600000)
 ParOldGen       total 86528K, used 62410K [0x00000000c0000000, 0x00000000c5480000, 0x00000000eab00000)
  object space 86528K, 72% used [0x00000000c0000000,0x00000000c3cf2910,0x00000000c5480000)
 Metaspace       used 73563K, committed 74816K, reserved 1179648K
  class space    used 9195K, committed 9792K, reserved 1048576K
}
Event: 47.587 GC heap before
{Heap before GC invocations=93 (full 4):
 PSYoungGen      total 8704K, used 8698K [0x00000000eab00000, 0x00000000eb600000, 0x0000000100000000)
  eden space 8192K, 100% used [0x00000000eab00000,0x00000000eb300000,0x00000000eb300000)
  from space 512K, 98% used [0x00000000eb300000,0x00000000eb37e970,0x00000000eb380000)
  to   space 1536K, 0% used [0x00000000eb480000,0x00000000eb480000,0x00000000eb600000)
 ParOldGen       total 86528K, used 62410K [0x00000000c0000000, 0x00000000c5480000, 0x00000000eab00000)
  object space 86528K, 72% used [0x00000000c0000000,0x00000000c3cf2910,0x00000000c5480000)
 Metaspace       used 73640K, committed 74880K, reserved 1179648K
  class space    used 9205K, committed 9792K, reserved 1048576K
}
Event: 47.590 GC heap after
{Heap after GC invocations=93 (full 4):
 PSYoungGen      total 8704K, used 373K [0x00000000eab00000, 0x00000000eb500000, 0x0000000100000000)
  eden space 8192K, 0% used [0x00000000eab00000,0x00000000eab00000,0x00000000eb300000)
  from space 512K, 73% used [0x00000000eb480000,0x00000000eb4dd780,0x00000000eb500000)
  to   space 1024K, 0% used [0x00000000eb300000,0x00000000eb300000,0x00000000eb400000)
 ParOldGen       total 86528K, used 62506K [0x00000000c0000000, 0x00000000c5480000, 0x00000000eab00000)
  object space 86528K, 72% used [0x00000000c0000000,0x00000000c3d0a910,0x00000000c5480000)
 Metaspace       used 73640K, committed 74880K, reserved 1179648K
  class space    used 9205K, committed 9792K, reserved 1048576K
}
Event: 47.797 GC heap before
{Heap before GC invocations=94 (full 4):
 PSYoungGen      total 8704K, used 8565K [0x00000000eab00000, 0x00000000eb500000, 0x0000000100000000)
  eden space 8192K, 100% used [0x00000000eab00000,0x00000000eb300000,0x00000000eb300000)
  from space 512K, 73% used [0x00000000eb480000,0x00000000eb4dd780,0x00000000eb500000)
  to   space 1024K, 0% used [0x00000000eb300000,0x00000000eb300000,0x00000000eb400000)
 ParOldGen       total 86528K, used 62506K [0x00000000c0000000, 0x00000000c5480000, 0x00000000eab00000)
  object space 86528K, 72% used [0x00000000c0000000,0x00000000c3d0a910,0x00000000c5480000)
 Metaspace       used 73645K, committed 74880K, reserved 1179648K
  class space    used 9206K, committed 9792K, reserved 1048576K
}
Event: 47.798 GC heap after
{Heap after GC invocations=94 (full 4):
 PSYoungGen      total 9216K, used 663K [0x00000000eab00000, 0x00000000eb500000, 0x0000000100000000)
  eden space 8192K, 0% used [0x00000000eab00000,0x00000000eab00000,0x00000000eb300000)
  from space 1024K, 64% used [0x00000000eb300000,0x00000000eb3a5cb8,0x00000000eb400000)
  to   space 1024K, 0% used [0x00000000eb400000,0x00000000eb400000,0x00000000eb500000)
 ParOldGen       total 86528K, used 62570K [0x00000000c0000000, 0x00000000c5480000, 0x00000000eab00000)
  object space 86528K, 72% used [0x00000000c0000000,0x00000000c3d1a910,0x00000000c5480000)
 Metaspace       used 73645K, committed 74880K, reserved 1179648K
  class space    used 9206K, committed 9792K, reserved 1048576K
}
Event: 47.897 GC heap before
{Heap before GC invocations=95 (full 4):
 PSYoungGen      total 9216K, used 8855K [0x00000000eab00000, 0x00000000eb500000, 0x0000000100000000)
  eden space 8192K, 100% used [0x00000000eab00000,0x00000000eb300000,0x00000000eb300000)
  from space 1024K, 64% used [0x00000000eb300000,0x00000000eb3a5cb8,0x00000000eb400000)
  to   space 1024K, 0% used [0x00000000eb400000,0x00000000eb400000,0x00000000eb500000)
 ParOldGen       total 86528K, used 62570K [0x00000000c0000000, 0x00000000c5480000, 0x00000000eab00000)
  object space 86528K, 72% used [0x00000000c0000000,0x00000000c3d1a910,0x00000000c5480000)
 Metaspace       used 73645K, committed 74880K, reserved 1179648K
  class space    used 9206K, committed 9792K, reserved 1048576K
}
Event: 47.900 GC heap after
{Heap after GC invocations=95 (full 4):
 PSYoungGen      total 9216K, used 902K [0x00000000eab00000, 0x00000000eb500000, 0x0000000100000000)
  eden space 8192K, 0% used [0x00000000eab00000,0x00000000eab00000,0x00000000eb300000)
  from space 1024K, 88% used [0x00000000eb400000,0x00000000eb4e1bb8,0x00000000eb500000)
  to   space 1024K, 0% used [0x00000000eb300000,0x00000000eb300000,0x00000000eb400000)
 ParOldGen       total 86528K, used 62671K [0x00000000c0000000, 0x00000000c5480000, 0x00000000eab00000)
  object space 86528K, 72% used [0x00000000c0000000,0x00000000c3d33fb0,0x00000000c5480000)
 Metaspace       used 73645K, committed 74880K, reserved 1179648K
  class space    used 9206K, committed 9792K, reserved 1048576K
}
Event: 47.966 GC heap before
{Heap before GC invocations=96 (full 4):
 PSYoungGen      total 9216K, used 9094K [0x00000000eab00000, 0x00000000eb500000, 0x0000000100000000)
  eden space 8192K, 100% used [0x00000000eab00000,0x00000000eb300000,0x00000000eb300000)
  from space 1024K, 88% used [0x00000000eb400000,0x00000000eb4e1bb8,0x00000000eb500000)
  to   space 1024K, 0% used [0x00000000eb300000,0x00000000eb300000,0x00000000eb400000)
 ParOldGen       total 86528K, used 62671K [0x00000000c0000000, 0x00000000c5480000, 0x00000000eab00000)
  object space 86528K, 72% used [0x00000000c0000000,0x00000000c3d33fb0,0x00000000c5480000)
 Metaspace       used 73645K, committed 74880K, reserved 1179648K
  class space    used 9206K, committed 9792K, reserved 1048576K
}
Event: 47.970 GC heap after
{Heap after GC invocations=96 (full 4):
 PSYoungGen      total 9216K, used 224K [0x00000000eab00000, 0x00000000eb480000, 0x0000000100000000)
  eden space 8192K, 0% used [0x00000000eab00000,0x00000000eab00000,0x00000000eb300000)
  from space 1024K, 21% used [0x00000000eb300000,0x00000000eb338000,0x00000000eb400000)
  to   space 512K, 0% used [0x00000000eb400000,0x00000000eb400000,0x00000000eb480000)
 ParOldGen       total 86528K, used 63046K [0x00000000c0000000, 0x00000000c5480000, 0x00000000eab00000)
  object space 86528K, 72% used [0x00000000c0000000,0x00000000c3d918e0,0x00000000c5480000)
 Metaspace       used 73645K, committed 74880K, reserved 1179648K
  class space    used 9206K, committed 9792K, reserved 1048576K
}
Event: 48.029 GC heap before
{Heap before GC invocations=97 (full 4):
 PSYoungGen      total 9216K, used 8416K [0x00000000eab00000, 0x00000000eb480000, 0x0000000100000000)
  eden space 8192K, 100% used [0x00000000eab00000,0x00000000eb300000,0x00000000eb300000)
  from space 1024K, 21% used [0x00000000eb300000,0x00000000eb338000,0x00000000eb400000)
  to   space 512K, 0% used [0x00000000eb400000,0x00000000eb400000,0x00000000eb480000)
 ParOldGen       total 86528K, used 63046K [0x00000000c0000000, 0x00000000c5480000, 0x00000000eab00000)
  object space 86528K, 72% used [0x00000000c0000000,0x00000000c3d918e0,0x00000000c5480000)
 Metaspace       used 73646K, committed 74880K, reserved 1179648K
  class space    used 9206K, committed 9792K, reserved 1048576K
}
Event: 48.032 GC heap after
{Heap after GC invocations=97 (full 4):
 PSYoungGen      total 8704K, used 508K [0x00000000eab00000, 0x00000000eb500000, 0x0000000100000000)
  eden space 8192K, 0% used [0x00000000eab00000,0x00000000eab00000,0x00000000eb300000)
  from space 512K, 99% used [0x00000000eb400000,0x00000000eb47f0a0,0x00000000eb480000)
  to   space 1024K, 0% used [0x00000000eb300000,0x00000000eb300000,0x00000000eb400000)
 ParOldGen       total 86528K, used 63398K [0x00000000c0000000, 0x00000000c5480000, 0x00000000eab00000)
  object space 86528K, 73% used [0x00000000c0000000,0x00000000c3de9ab8,0x00000000c5480000)
 Metaspace       used 73646K, committed 74880K, reserved 1179648K
  class space    used 9206K, committed 9792K, reserved 1048576K
}
Event: 48.088 GC heap before
{Heap before GC invocations=98 (full 4):
 PSYoungGen      total 8704K, used 8700K [0x00000000eab00000, 0x00000000eb500000, 0x0000000100000000)
  eden space 8192K, 100% used [0x00000000eab00000,0x00000000eb300000,0x00000000eb300000)
  from space 512K, 99% used [0x00000000eb400000,0x00000000eb47f0a0,0x00000000eb480000)
  to   space 1024K, 0% used [0x00000000eb300000,0x00000000eb300000,0x00000000eb400000)
 ParOldGen       total 86528K, used 63398K [0x00000000c0000000, 0x00000000c5480000, 0x00000000eab00000)
  object space 86528K, 73% used [0x00000000c0000000,0x00000000c3de9ab8,0x00000000c5480000)
 Metaspace       used 73646K, committed 74880K, reserved 1179648K
  class space    used 9206K, committed 9792K, reserved 1048576K
}
Event: 48.096 GC heap after
{Heap after GC invocations=98 (full 4):
 PSYoungGen      total 9216K, used 331K [0x00000000eab00000, 0x00000000eb500000, 0x0000000100000000)
  eden space 8192K, 0% used [0x00000000eab00000,0x00000000eab00000,0x00000000eb300000)
  from space 1024K, 32% used [0x00000000eb300000,0x00000000eb352e20,0x00000000eb400000)
  to   space 1024K, 0% used [0x00000000eb400000,0x00000000eb400000,0x00000000eb500000)
 ParOldGen       total 86528K, used 64040K [0x00000000c0000000, 0x00000000c5480000, 0x00000000eab00000)
  object space 86528K, 74% used [0x00000000c0000000,0x00000000c3e8a140,0x00000000c5480000)
 Metaspace       used 73646K, committed 74880K, reserved 1179648K
  class space    used 9206K, committed 9792K, reserved 1048576K
}
Event: 48.160 GC heap before
{Heap before GC invocations=99 (full 4):
 PSYoungGen      total 9216K, used 8523K [0x00000000eab00000, 0x00000000eb500000, 0x0000000100000000)
  eden space 8192K, 100% used [0x00000000eab00000,0x00000000eb300000,0x00000000eb300000)
  from space 1024K, 32% used [0x00000000eb300000,0x00000000eb352e20,0x00000000eb400000)
  to   space 1024K, 0% used [0x00000000eb400000,0x00000000eb400000,0x00000000eb500000)
 ParOldGen       total 86528K, used 64040K [0x00000000c0000000, 0x00000000c5480000, 0x00000000eab00000)
  object space 86528K, 74% used [0x00000000c0000000,0x00000000c3e8a140,0x00000000c5480000)
 Metaspace       used 73646K, committed 74880K, reserved 1179648K
  class space    used 9206K, committed 9792K, reserved 1048576K
}
Event: 48.162 GC heap after
{Heap after GC invocations=99 (full 4):
 PSYoungGen      total 8704K, used 288K [0x00000000eab00000, 0x00000000eb480000, 0x0000000100000000)
  eden space 8192K, 0% used [0x00000000eab00000,0x00000000eab00000,0x00000000eb300000)
  from space 512K, 56% used [0x00000000eb400000,0x00000000eb448000,0x00000000eb480000)
  to   space 512K, 0% used [0x00000000eb380000,0x00000000eb380000,0x00000000eb400000)
 ParOldGen       total 86528K, used 64120K [0x00000000c0000000, 0x00000000c5480000, 0x00000000eab00000)
  object space 86528K, 74% used [0x00000000c0000000,0x00000000c3e9e140,0x00000000c5480000)
 Metaspace       used 73646K, committed 74880K, reserved 1179648K
  class space    used 9206K, committed 9792K, reserved 1048576K
}
Event: 48.226 GC heap before
{Heap before GC invocations=100 (full 4):
 PSYoungGen      total 8704K, used 8480K [0x00000000eab00000, 0x00000000eb480000, 0x0000000100000000)
  eden space 8192K, 100% used [0x00000000eab00000,0x00000000eb300000,0x00000000eb300000)
  from space 512K, 56% used [0x00000000eb400000,0x00000000eb448000,0x00000000eb480000)
  to   space 512K, 0% used [0x00000000eb380000,0x00000000eb380000,0x00000000eb400000)
 ParOldGen       total 86528K, used 64120K [0x00000000c0000000, 0x00000000c5480000, 0x00000000eab00000)
  object space 86528K, 74% used [0x00000000c0000000,0x00000000c3e9e140,0x00000000c5480000)
 Metaspace       used 73646K, committed 74880K, reserved 1179648K
  class space    used 9206K, committed 9792K, reserved 1048576K
}
Event: 48.231 GC heap after
{Heap after GC invocations=100 (full 4):
 PSYoungGen      total 8704K, used 510K [0x00000000eab00000, 0x00000000eb480000, 0x0000000100000000)
  eden space 8192K, 0% used [0x00000000eab00000,0x00000000eab00000,0x00000000eb300000)
  from space 512K, 99% used [0x00000000eb380000,0x00000000eb3ffbb8,0x00000000eb400000)
  to   space 512K, 0% used [0x00000000eb400000,0x00000000eb400000,0x00000000eb480000)
 ParOldGen       total 86528K, used 64649K [0x00000000c0000000, 0x00000000c5480000, 0x00000000eab00000)
  object space 86528K, 74% used [0x00000000c0000000,0x00000000c3f22670,0x00000000c5480000)
 Metaspace       used 73646K, committed 74880K, reserved 1179648K
  class space    used 9206K, committed 9792K, reserved 1048576K
}

