# JRE version: OpenJDK Runtime Environment Temurin-17.0.10+7 (17.0.10+7) (build 17.0.10+7)
# Java VM: OpenJDK 64-Bit Server VM Temurin-17.0.10+7 (17.0.10+7, mixed mode, tiered, compressed oops, compressed class ptrs, parallel gc, windows-amd64)
GC Precious Log:
 CPUs: 12 total, 12 available
 Memory: 8037M
 Large Page Support: Disabled
 NUMA Support: Disabled
 Compressed Oops: Enabled (32-bit)
 Alignments: Space 512K, Generation 512K, Heap 2M
 Heap Min Capacity: 100M
 Heap Initial Capacity: 100M
 Heap Max Capacity: 1G
 Pre-touch: Disabled
 Parallel Workers: 10
Heap:
 PSYoungGen      total 24576K, used 5014K [0x00000000eab00000, 0x00000000ec780000, 0x0000000100000000)
  eden space 22016K, 20% used [0x00000000eab00000,0x00000000eaf55988,0x00000000ec080000)
  from space 2560K, 22% used [0x00000000ec300000,0x00000000ec390000,0x00000000ec580000)
  to   space 1024K, 0% used [0x00000000ec680000,0x00000000ec680000,0x00000000ec780000)
 ParOldGen       total 68608K, used 59157K [0x00000000c0000000, 0x00000000c4300000, 0x00000000eab00000)
  object space 68608K, 86% used [0x00000000c0000000,0x00000000c39c55e0,0x00000000c4300000)
 Metaspace       used 65337K, committed 66432K, reserved 1114112K
  class space    used 7832K, committed 8320K, reserved 1048576K
GC Heap History (20 events):
Event: 8.179 GC heap before
{Heap before GC invocations=27 (full 2):
 PSYoungGen      total 22528K, used 22528K [0x00000000eab00000, 0x00000000ec980000, 0x0000000100000000)
  eden space 22016K, 100% used [0x00000000eab00000,0x00000000ec080000,0x00000000ec080000)
  from space 512K, 100% used [0x00000000ec680000,0x00000000ec700000,0x00000000ec700000)
  to   space 4608K, 0% used [0x00000000ec080000,0x00000000ec080000,0x00000000ec500000)
 ParOldGen       total 68608K, used 38950K [0x00000000c0000000, 0x00000000c4300000, 0x00000000eab00000)
  object space 68608K, 56% used [0x00000000c0000000,0x00000000c2609820,0x00000000c4300000)
 Metaspace       used 56174K, committed 57280K, reserved 1114112K
  class space    used 6289K, committed 6784K, reserved 1048576K
}
Event: 8.182 GC heap after
{Heap after GC invocations=27 (full 2):
 PSYoungGen      total 26112K, used 3812K [0x00000000eab00000, 0x00000000ec880000, 0x0000000100000000)
  eden space 22016K, 0% used [0x00000000eab00000,0x00000000eab00000,0x00000000ec080000)
  from space 4096K, 93% used [0x00000000ec080000,0x00000000ec439000,0x00000000ec480000)
  to   space 4096K, 0% used [0x00000000ec480000,0x00000000ec480000,0x00000000ec880000)
 ParOldGen       total 68608K, used 39494K [0x00000000c0000000, 0x00000000c4300000, 0x00000000eab00000)
  object space 68608K, 57% used [0x00000000c0000000,0x00000000c2691820,0x00000000c4300000)
 Metaspace       used 56174K, committed 57280K, reserved 1114112K
  class space    used 6289K, committed 6784K, reserved 1048576K
}
Event: 8.464 GC heap before
{Heap before GC invocations=28 (full 2):
 PSYoungGen      total 26112K, used 25828K [0x00000000eab00000, 0x00000000ec880000, 0x0000000100000000)
  eden space 22016K, 100% used [0x00000000eab00000,0x00000000ec080000,0x00000000ec080000)
  from space 4096K, 93% used [0x00000000ec080000,0x00000000ec439000,0x00000000ec480000)
  to   space 4096K, 0% used [0x00000000ec480000,0x00000000ec480000,0x00000000ec880000)
 ParOldGen       total 68608K, used 39494K [0x00000000c0000000, 0x00000000c4300000, 0x00000000eab00000)
  object space 68608K, 57% used [0x00000000c0000000,0x00000000c2691820,0x00000000c4300000)
 Metaspace       used 56213K, committed 57344K, reserved 1114112K
  class space    used 6289K, committed 6784K, reserved 1048576K
}
Event: 8.468 GC heap after
{Heap after GC invocations=28 (full 2):
 PSYoungGen      total 22528K, used 448K [0x00000000eab00000, 0x00000000ec500000, 0x0000000100000000)
  eden space 22016K, 0% used [0x00000000eab00000,0x00000000eab00000,0x00000000ec080000)
  from space 512K, 87% used [0x00000000ec480000,0x00000000ec4f0000,0x00000000ec500000)
  to   space 2048K, 0% used [0x00000000ec100000,0x00000000ec100000,0x00000000ec300000)
 ParOldGen       total 68608K, used 43210K [0x00000000c0000000, 0x00000000c4300000, 0x00000000eab00000)
  object space 68608K, 62% used [0x00000000c0000000,0x00000000c2a32af8,0x00000000c4300000)
 Metaspace       used 56213K, committed 57344K, reserved 1114112K
  class space    used 6289K, committed 6784K, reserved 1048576K
}
Event: 8.865 GC heap before
{Heap before GC invocations=29 (full 2):
 PSYoungGen      total 22528K, used 22464K [0x00000000eab00000, 0x00000000ec500000, 0x0000000100000000)
  eden space 22016K, 100% used [0x00000000eab00000,0x00000000ec080000,0x00000000ec080000)
  from space 512K, 87% used [0x00000000ec480000,0x00000000ec4f0000,0x00000000ec500000)
  to   space 2048K, 0% used [0x00000000ec100000,0x00000000ec100000,0x00000000ec300000)
 ParOldGen       total 68608K, used 43210K [0x00000000c0000000, 0x00000000c4300000, 0x00000000eab00000)
  object space 68608K, 62% used [0x00000000c0000000,0x00000000c2a32af8,0x00000000c4300000)
 Metaspace       used 56935K, committed 57984K, reserved 1114112K
  class space    used 6441K, committed 6912K, reserved 1048576K
}
Event: 8.867 GC heap after
{Heap after GC invocations=29 (full 2):
 PSYoungGen      total 24064K, used 2044K [0x00000000eab00000, 0x00000000ecb80000, 0x0000000100000000)
  eden space 22016K, 0% used [0x00000000eab00000,0x00000000eab00000,0x00000000ec080000)
  from space 2048K, 99% used [0x00000000ec100000,0x00000000ec2ff138,0x00000000ec300000)
  to   space 5632K, 0% used [0x00000000ec600000,0x00000000ec600000,0x00000000ecb80000)
 ParOldGen       total 68608K, used 45595K [0x00000000c0000000, 0x00000000c4300000, 0x00000000eab00000)
  object space 68608K, 66% used [0x00000000c0000000,0x00000000c2c86c58,0x00000000c4300000)
 Metaspace       used 56935K, committed 57984K, reserved 1114112K
  class space    used 6441K, committed 6912K, reserved 1048576K
}
Event: 9.161 GC heap before
{Heap before GC invocations=30 (full 2):
 PSYoungGen      total 24064K, used 19873K [0x00000000eab00000, 0x00000000ecb80000, 0x0000000100000000)
  eden space 22016K, 80% used [0x00000000eab00000,0x00000000ebc69388,0x00000000ec080000)
  from space 2048K, 99% used [0x00000000ec100000,0x00000000ec2ff138,0x00000000ec300000)
  to   space 5632K, 0% used [0x00000000ec600000,0x00000000ec600000,0x00000000ecb80000)
 ParOldGen       total 68608K, used 45595K [0x00000000c0000000, 0x00000000c4300000, 0x00000000eab00000)
  object space 68608K, 66% used [0x00000000c0000000,0x00000000c2c86c58,0x00000000c4300000)
 Metaspace       used 58737K, committed 59776K, reserved 1114112K
  class space    used 6747K, committed 7168K, reserved 1048576K
}
Event: 9.163 GC heap after
{Heap after GC invocations=30 (full 2):
 PSYoungGen      total 23040K, used 761K [0x00000000eab00000, 0x00000000ec700000, 0x0000000100000000)
  eden space 22016K, 0% used [0x00000000eab00000,0x00000000eab00000,0x00000000ec080000)
  from space 1024K, 74% used [0x00000000ec600000,0x00000000ec6be588,0x00000000ec700000)
  to   space 2560K, 0% used [0x00000000ec200000,0x00000000ec200000,0x00000000ec480000)
 ParOldGen       total 68608K, used 47617K [0x00000000c0000000, 0x00000000c4300000, 0x00000000eab00000)
  object space 68608K, 69% used [0x00000000c0000000,0x00000000c2e80640,0x00000000c4300000)
 Metaspace       used 58737K, committed 59776K, reserved 1114112K
  class space    used 6747K, committed 7168K, reserved 1048576K
}
Event: 9.163 GC heap before
{Heap before GC invocations=31 (full 3):
 PSYoungGen      total 23040K, used 761K [0x00000000eab00000, 0x00000000ec700000, 0x0000000100000000)
  eden space 22016K, 0% used [0x00000000eab00000,0x00000000eab00000,0x00000000ec080000)
  from space 1024K, 74% used [0x00000000ec600000,0x00000000ec6be588,0x00000000ec700000)
  to   space 2560K, 0% used [0x00000000ec200000,0x00000000ec200000,0x00000000ec480000)
 ParOldGen       total 68608K, used 47617K [0x00000000c0000000, 0x00000000c4300000, 0x00000000eab00000)
  object space 68608K, 69% used [0x00000000c0000000,0x00000000c2e80640,0x00000000c4300000)
 Metaspace       used 58737K, committed 59776K, reserved 1114112K
  class space    used 6747K, committed 7168K, reserved 1048576K
}
Event: 9.223 GC heap after
{Heap after GC invocations=31 (full 3):
 PSYoungGen      total 23040K, used 0K [0x00000000eab00000, 0x00000000ec700000, 0x0000000100000000)
  eden space 22016K, 0% used [0x00000000eab00000,0x00000000eab00000,0x00000000ec080000)
  from space 1024K, 0% used [0x00000000ec600000,0x00000000ec600000,0x00000000ec700000)
  to   space 2560K, 0% used [0x00000000ec200000,0x00000000ec200000,0x00000000ec480000)
 ParOldGen       total 68608K, used 46487K [0x00000000c0000000, 0x00000000c4300000, 0x00000000eab00000)
  object space 68608K, 67% used [0x00000000c0000000,0x00000000c2d65de0,0x00000000c4300000)
 Metaspace       used 58737K, committed 59776K, reserved 1114112K
  class space    used 6747K, committed 7168K, reserved 1048576K
}
Event: 9.568 GC heap before
{Heap before GC invocations=32 (full 3):
 PSYoungGen      total 23040K, used 22016K [0x00000000eab00000, 0x00000000ec700000, 0x0000000100000000)
  eden space 22016K, 100% used [0x00000000eab00000,0x00000000ec080000,0x00000000ec080000)
  from space 1024K, 0% used [0x00000000ec600000,0x00000000ec600000,0x00000000ec700000)
  to   space 2560K, 0% used [0x00000000ec200000,0x00000000ec200000,0x00000000ec480000)
 ParOldGen       total 68608K, used 46487K [0x00000000c0000000, 0x00000000c4300000, 0x00000000eab00000)
  object space 68608K, 67% used [0x00000000c0000000,0x00000000c2d65de0,0x00000000c4300000)
 Metaspace       used 60222K, committed 61312K, reserved 1114112K
  class space    used 6974K, committed 7424K, reserved 1048576K
}
Event: 9.573 GC heap after
{Heap after GC invocations=32 (full 3):
 PSYoungGen      total 24576K, used 2548K [0x00000000eab00000, 0x00000000ed280000, 0x0000000100000000)
  eden space 22016K, 0% used [0x00000000eab00000,0x00000000eab00000,0x00000000ec080000)
  from space 2560K, 99% used [0x00000000ec200000,0x00000000ec47d238,0x00000000ec480000)
  to   space 9216K, 0% used [0x00000000ec980000,0x00000000ec980000,0x00000000ed280000)
 ParOldGen       total 68608K, used 51480K [0x00000000c0000000, 0x00000000c4300000, 0x00000000eab00000)
  object space 68608K, 75% used [0x00000000c0000000,0x00000000c3246308,0x00000000c4300000)
 Metaspace       used 60222K, committed 61312K, reserved 1114112K
  class space    used 6974K, committed 7424K, reserved 1048576K
}
Event: 10.041 GC heap before
{Heap before GC invocations=33 (full 3):
 PSYoungGen      total 24576K, used 24564K [0x00000000eab00000, 0x00000000ed280000, 0x0000000100000000)
  eden space 22016K, 100% used [0x00000000eab00000,0x00000000ec080000,0x00000000ec080000)
  from space 2560K, 99% used [0x00000000ec200000,0x00000000ec47d238,0x00000000ec480000)
  to   space 9216K, 0% used [0x00000000ec980000,0x00000000ec980000,0x00000000ed280000)
 ParOldGen       total 68608K, used 51480K [0x00000000c0000000, 0x00000000c4300000, 0x00000000eab00000)
  object space 68608K, 75% used [0x00000000c0000000,0x00000000c3246308,0x00000000c4300000)
 Metaspace       used 61655K, committed 62784K, reserved 1114112K
  class space    used 7206K, committed 7680K, reserved 1048576K
}
Event: 10.043 GC heap after
{Heap after GC invocations=33 (full 3):
 PSYoungGen      total 23040K, used 736K [0x00000000eab00000, 0x00000000eca80000, 0x0000000100000000)
  eden space 22016K, 0% used [0x00000000eab00000,0x00000000eab00000,0x00000000ec080000)
  from space 1024K, 71% used [0x00000000ec980000,0x00000000eca38000,0x00000000eca80000)
  to   space 3584K, 0% used [0x00000000ec380000,0x00000000ec380000,0x00000000ec700000)
 ParOldGen       total 68608K, used 53942K [0x00000000c0000000, 0x00000000c4300000, 0x00000000eab00000)
  object space 68608K, 78% used [0x00000000c0000000,0x00000000c34ad900,0x00000000c4300000)
 Metaspace       used 61655K, committed 62784K, reserved 1114112K
  class space    used 7206K, committed 7680K, reserved 1048576K
}
Event: 10.431 GC heap before
{Heap before GC invocations=34 (full 3):
 PSYoungGen      total 23040K, used 22752K [0x00000000eab00000, 0x00000000eca80000, 0x0000000100000000)
  eden space 22016K, 100% used [0x00000000eab00000,0x00000000ec080000,0x00000000ec080000)
  from space 1024K, 71% used [0x00000000ec980000,0x00000000eca38000,0x00000000eca80000)
  to   space 3584K, 0% used [0x00000000ec380000,0x00000000ec380000,0x00000000ec700000)
 ParOldGen       total 68608K, used 53942K [0x00000000c0000000, 0x00000000c4300000, 0x00000000eab00000)
  object space 68608K, 78% used [0x00000000c0000000,0x00000000c34ad900,0x00000000c4300000)
 Metaspace       used 61662K, committed 62784K, reserved 1114112K
  class space    used 7206K, committed 7680K, reserved 1048576K
}
Event: 10.433 GC heap after
{Heap after GC invocations=34 (full 3):
 PSYoungGen      total 25600K, used 3565K [0x00000000eab00000, 0x00000000ecb80000, 0x0000000100000000)
  eden space 22016K, 0% used [0x00000000eab00000,0x00000000eab00000,0x00000000ec080000)
  from space 3584K, 99% used [0x00000000ec380000,0x00000000ec6fb6a8,0x00000000ec700000)
  to   space 4608K, 0% used [0x00000000ec700000,0x00000000ec700000,0x00000000ecb80000)
 ParOldGen       total 68608K, used 54909K [0x00000000c0000000, 0x00000000c4300000, 0x00000000eab00000)
  object space 68608K, 80% used [0x00000000c0000000,0x00000000c359f608,0x00000000c4300000)
 Metaspace       used 61662K, committed 62784K, reserved 1114112K
  class space    used 7206K, committed 7680K, reserved 1048576K
}
Event: 10.694 GC heap before
{Heap before GC invocations=35 (full 3):
 PSYoungGen      total 25600K, used 25581K [0x00000000eab00000, 0x00000000ecb80000, 0x0000000100000000)
  eden space 22016K, 100% used [0x00000000eab00000,0x00000000ec080000,0x00000000ec080000)
  from space 3584K, 99% used [0x00000000ec380000,0x00000000ec6fb6a8,0x00000000ec700000)
  to   space 4608K, 0% used [0x00000000ec700000,0x00000000ec700000,0x00000000ecb80000)
 ParOldGen       total 68608K, used 54909K [0x00000000c0000000, 0x00000000c4300000, 0x00000000eab00000)
  object space 68608K, 80% used [0x00000000c0000000,0x00000000c359f608,0x00000000c4300000)
 Metaspace       used 63182K, committed 64320K, reserved 1114112K
  class space    used 7508K, committed 8000K, reserved 1048576K
}
Event: 10.696 GC heap after
{Heap after GC invocations=35 (full 3):
 PSYoungGen      total 23040K, used 898K [0x00000000eab00000, 0x00000000ec800000, 0x0000000100000000)
  eden space 22016K, 0% used [0x00000000eab00000,0x00000000eab00000,0x00000000ec080000)
  from space 1024K, 87% used [0x00000000ec700000,0x00000000ec7e09a8,0x00000000ec800000)
  to   space 2560K, 0% used [0x00000000ec300000,0x00000000ec300000,0x00000000ec580000)
 ParOldGen       total 68608K, used 58442K [0x00000000c0000000, 0x00000000c4300000, 0x00000000eab00000)
  object space 68608K, 85% used [0x00000000c0000000,0x00000000c3912a68,0x00000000c4300000)
 Metaspace       used 63182K, committed 64320K, reserved 1114112K
  class space    used 7508K, committed 8000K, reserved 1048576K
}
Event: 11.132 GC heap before
{Heap before GC invocations=36 (full 3):
 PSYoungGen      total 23040K, used 22914K [0x00000000eab00000, 0x00000000ec800000, 0x0000000100000000)
  eden space 22016K, 100% used [0x00000000eab00000,0x00000000ec080000,0x00000000ec080000)
  from space 1024K, 87% used [0x00000000ec700000,0x00000000ec7e09a8,0x00000000ec800000)
  to   space 2560K, 0% used [0x00000000ec300000,0x00000000ec300000,0x00000000ec580000)
 ParOldGen       total 68608K, used 58442K [0x00000000c0000000, 0x00000000c4300000, 0x00000000eab00000)
  object space 68608K, 85% used [0x00000000c0000000,0x00000000c3912a68,0x00000000c4300000)
 Metaspace       used 65236K, committed 66304K, reserved 1114112K
  class space    used 7815K, committed 8256K, reserved 1048576K
}
Event: 11.133 GC heap after
{Heap after GC invocations=36 (full 3):
 PSYoungGen      total 24576K, used 576K [0x00000000eab00000, 0x00000000ec780000, 0x0000000100000000)
  eden space 22016K, 0% used [0x00000000eab00000,0x00000000eab00000,0x00000000ec080000)
  from space 2560K, 22% used [0x00000000ec300000,0x00000000ec390000,0x00000000ec580000)
  to   space 1024K, 0% used [0x00000000ec680000,0x00000000ec680000,0x00000000ec780000)
 ParOldGen       total 68608K, used 59157K [0x00000000c0000000, 0x00000000c4300000, 0x00000000eab00000)
  object space 68608K, 86% used [0x00000000c0000000,0x00000000c39c55e0,0x00000000c4300000)
 Metaspace       used 65236K, committed 66304K, reserved 1114112K
  class space    used 7815K, committed 8256K, reserved 1048576K
}

