# JRE version: OpenJDK Runtime Environment JBR-17.0.9+8-1166.2-nomod (17.0.9+8) (build 17.0.9+8-b1166.2)
# Java VM: OpenJDK 64-Bit Server VM JBR-17.0.9+8-1166.2-nomod (17.0.9+8-b1166.2, mixed mode, tiered, compressed oops, compressed class ptrs, g1 gc, windows-amd64)
GC Precious Log:
 CPUs: 12 total, 12 available
 Memory: 8037M
 Large Page Support: Disabled
 NUMA Support: Disabled
 Compressed Oops: Enabled (32-bit)
 Heap Region Size: 1M
 Heap Min Capacity: 8M
 Heap Initial Capacity: 126M
 Heap Max Capacity: 2G
 Pre-touch: Disabled
 Parallel Workers: 10
 Concurrent Workers: 3
 Concurrent Refinement Workers: 10
 Periodic GC: Disabled
Heap:
 garbage-first heap   total 150528K, used 81244K [0x0000000080000000, 0x0000000100000000)
  region size 1024K, 4 young (4096K), 4 survivors (4096K)
 Metaspace       used 71641K, committed 72384K, reserved 1114112K
  class space    used 9289K, committed 9600K, reserved 1048576K
GC Heap History (20 events):
Event: 11.507 GC heap after
{Heap after GC invocations=31 (full 0):
 garbage-first heap   total 116736K, used 69588K [0x0000000080000000, 0x0000000100000000)
  region size 1024K, 1 young (1024K), 1 survivors (1024K)
 Metaspace       used 53811K, committed 54272K, reserved 1114112K
  class space    used 7192K, committed 7424K, reserved 1048576K
}
Event: 26.866 GC heap before
{Heap before GC invocations=32 (full 0):
 garbage-first heap   total 124928K, used 85972K [0x0000000080000000, 0x0000000100000000)
  region size 1024K, 18 young (18432K), 1 survivors (1024K)
 Metaspace       used 55249K, committed 55808K, reserved 1114112K
  class space    used 7372K, committed 7616K, reserved 1048576K
}
Event: 26.869 GC heap after
{Heap after GC invocations=33 (full 0):
 garbage-first heap   total 124928K, used 70836K [0x0000000080000000, 0x0000000100000000)
  region size 1024K, 2 young (2048K), 2 survivors (2048K)
 Metaspace       used 55249K, committed 55808K, reserved 1114112K
  class space    used 7372K, committed 7616K, reserved 1048576K
}
Event: 143.118 GC heap before
{Heap before GC invocations=33 (full 0):
 garbage-first heap   total 124928K, used 93364K [0x0000000080000000, 0x0000000100000000)
  region size 1024K, 24 young (24576K), 2 survivors (2048K)
 Metaspace       used 55639K, committed 56128K, reserved 1114112K
  class space    used 7382K, committed 7616K, reserved 1048576K
}
Event: 143.138 GC heap after
{Heap after GC invocations=34 (full 0):
 garbage-first heap   total 124928K, used 70533K [0x0000000080000000, 0x0000000100000000)
  region size 1024K, 2 young (2048K), 2 survivors (2048K)
 Metaspace       used 55639K, committed 56128K, reserved 1114112K
  class space    used 7382K, committed 7616K, reserved 1048576K
}
Event: 381.471 GC heap before
{Heap before GC invocations=35 (full 0):
 garbage-first heap   total 124928K, used 94085K [0x0000000080000000, 0x0000000100000000)
  region size 1024K, 26 young (26624K), 2 survivors (2048K)
 Metaspace       used 56142K, committed 56704K, reserved 1114112K
  class space    used 7417K, committed 7680K, reserved 1048576K
}
Event: 381.484 GC heap after
{Heap after GC invocations=36 (full 0):
 garbage-first heap   total 150528K, used 72542K [0x0000000080000000, 0x0000000100000000)
  region size 1024K, 3 young (3072K), 3 survivors (3072K)
 Metaspace       used 56142K, committed 56704K, reserved 1114112K
  class space    used 7417K, committed 7680K, reserved 1048576K
}
Event: 673.417 GC heap before
{Heap before GC invocations=36 (full 0):
 garbage-first heap   total 150528K, used 112478K [0x0000000080000000, 0x0000000100000000)
  region size 1024K, 43 young (44032K), 3 survivors (3072K)
 Metaspace       used 56595K, committed 57216K, reserved 1114112K
  class space    used 7436K, committed 7680K, reserved 1048576K
}
Event: 673.451 GC heap after
{Heap after GC invocations=37 (full 0):
 garbage-first heap   total 150528K, used 72023K [0x0000000080000000, 0x0000000100000000)
  region size 1024K, 3 young (3072K), 3 survivors (3072K)
 Metaspace       used 56595K, committed 57216K, reserved 1114112K
  class space    used 7436K, committed 7680K, reserved 1048576K
}
Event: 1536.101 GC heap before
{Heap before GC invocations=38 (full 0):
 garbage-first heap   total 150528K, used 117079K [0x0000000080000000, 0x0000000100000000)
  region size 1024K, 48 young (49152K), 3 survivors (3072K)
 Metaspace       used 57514K, committed 58176K, reserved 1114112K
  class space    used 7511K, committed 7808K, reserved 1048576K
}
Event: 1536.237 GC heap after
{Heap after GC invocations=39 (full 0):
 garbage-first heap   total 150528K, used 71835K [0x0000000080000000, 0x0000000100000000)
  region size 1024K, 3 young (3072K), 3 survivors (3072K)
 Metaspace       used 57514K, committed 58176K, reserved 1114112K
  class space    used 7511K, committed 7808K, reserved 1048576K
}
Event: 1713.128 GC heap before
{Heap before GC invocations=39 (full 0):
 garbage-first heap   total 150528K, used 74907K [0x0000000080000000, 0x0000000100000000)
  region size 1024K, 7 young (7168K), 3 survivors (3072K)
 Metaspace       used 57514K, committed 58176K, reserved 1114112K
  class space    used 7511K, committed 7808K, reserved 1048576K
}
Event: 1713.221 GC heap after
{Heap after GC invocations=40 (full 0):
 garbage-first heap   total 150528K, used 71877K [0x0000000080000000, 0x0000000100000000)
  region size 1024K, 1 young (1024K), 1 survivors (1024K)
 Metaspace       used 57514K, committed 58176K, reserved 1114112K
  class space    used 7511K, committed 7808K, reserved 1048576K
}
Event: 2226.047 GC heap before
{Heap before GC invocations=40 (full 0):
 garbage-first heap   total 150528K, used 116933K [0x0000000080000000, 0x0000000100000000)
  region size 1024K, 46 young (47104K), 1 survivors (1024K)
 Metaspace       used 60014K, committed 60736K, reserved 1114112K
  class space    used 7832K, committed 8128K, reserved 1048576K
}
Event: 2226.072 GC heap after
{Heap after GC invocations=41 (full 0):
 garbage-first heap   total 150528K, used 74343K [0x0000000080000000, 0x0000000100000000)
  region size 1024K, 3 young (3072K), 3 survivors (3072K)
 Metaspace       used 60014K, committed 60736K, reserved 1114112K
  class space    used 7832K, committed 8128K, reserved 1048576K
}
Event: 2227.101 GC heap before
{Heap before GC invocations=42 (full 0):
 garbage-first heap   total 150528K, used 119399K [0x0000000080000000, 0x0000000100000000)
  region size 1024K, 48 young (49152K), 3 survivors (3072K)
 Metaspace       used 68730K, committed 69376K, reserved 1114112K
  class space    used 8936K, committed 9216K, reserved 1048576K
}
Event: 2227.116 GC heap after
{Heap after GC invocations=43 (full 0):
 garbage-first heap   total 150528K, used 78846K [0x0000000080000000, 0x0000000100000000)
  region size 1024K, 6 young (6144K), 6 survivors (6144K)
 Metaspace       used 68730K, committed 69376K, reserved 1114112K
  class space    used 8936K, committed 9216K, reserved 1048576K
}
Event: 2227.116 GC heap before
{Heap before GC invocations=43 (full 0):
 garbage-first heap   total 150528K, used 78846K [0x0000000080000000, 0x0000000100000000)
  region size 1024K, 7 young (7168K), 6 survivors (6144K)
 Metaspace       used 68730K, committed 69376K, reserved 1114112K
  class space    used 8936K, committed 9216K, reserved 1048576K
}
Event: 2227.142 GC heap after
{Heap after GC invocations=44 (full 0):
 garbage-first heap   total 150528K, used 78723K [0x0000000080000000, 0x0000000100000000)
  region size 1024K, 1 young (1024K), 1 survivors (1024K)
 Metaspace       used 68730K, committed 69376K, reserved 1114112K
  class space    used 8936K, committed 9216K, reserved 1048576K
}
Event: 2227.690 GC heap before
{Heap before GC invocations=44 (full 0):
 garbage-first heap   total 150528K, used 106371K [0x0000000080000000, 0x0000000100000000)
  region size 1024K, 30 young (30720K), 1 survivors (1024K)
 Metaspace       used 71641K, committed 72384K, reserved 1114112K
  class space    used 9289K, committed 9600K, reserved 1048576K
}

